# JRE version: Java(TM) SE Runtime Environment (8.0_11-b12) (build 1.8.0_11-b12)
# Java VM: Java HotSpot(TM) 64-Bit Server VM (25.11-b03 mixed mode windows-amd64 compressed oops)
Heap:
 PSYoungGen      total 232960K, used 70080K [0x00000000f0000000, 0x0000000100000000, 0x0000000100000000)
  eden space 219136K, 31% used [0x00000000f0000000,0x00000000f427bd80,0x00000000fd600000)
  from space 13824K, 14% used [0x00000000ff280000,0x00000000ff4745e0,0x0000000100000000)
  to   space 21504K, 0% used [0x00000000fd600000,0x00000000fd600000,0x00000000feb00000)
 ParOldGen       total 110080K, used 91631K [0x00000000d0000000, 0x00000000d6b80000, 0x00000000f0000000)
  object space 110080K, 83% used [0x00000000d0000000,0x00000000d597bc88,0x00000000d6b80000)
 Metaspace       used 57596K, capacity 59274K, committed 59552K, reserved 1101824K
  class space    used 6469K, capacity 6979K, committed 7072K, reserved 1048576K
GC Heap History (10 events):
Event: 29.180 GC heap before
{Heap before GC invocations=49 (full 5):
 PSYoungGen      total 251392K, used 245697K [0x00000000f0000000, 0x0000000100000000, 0x0000000100000000)
  eden space 241664K, 97% used [0x00000000f0000000,0x00000000fe699810,0x00000000fec00000)
  from space 9728K, 98% used [0x00000000fec00000,0x00000000ff556e90,0x00000000ff580000)
  to   space 10752K, 0% used [0x00000000ff580000,0x00000000ff580000,0x0000000100000000)
 ParOldGen       total 76288K, used 61528K [0x00000000d0000000, 0x00000000d4a80000, 0x00000000f0000000)
  object space 76288K, 80% used [0x00000000d0000000,0x00000000d3c16040,0x00000000d4a80000)
 Metaspace       used 53253K, capacity 54734K, committed 55200K, reserved 1097728K
  class space    used 5958K, capacity 6442K, committed 6560K, reserved 1048576K
Event: 29.222 GC heap after
Heap after GC invocations=49 (full 5):
 PSYoungGen      total 245248K, used 10736K [0x00000000f0000000, 0x0000000100000000, 0x0000000100000000)
  eden space 234496K, 0% used [0x00000000f0000000,0x00000000f0000000,0x00000000fe500000)
  from space 10752K, 99% used [0x00000000ff580000,0x00000000ffffc0f0,0x0000000100000000)
  to   space 13824K, 0% used [0x00000000fe500000,0x00000000fe500000,0x00000000ff280000)
 ParOldGen       total 76288K, used 64075K [0x00000000d0000000, 0x00000000d4a80000, 0x00000000f0000000)
  object space 76288K, 83% used [0x00000000d0000000,0x00000000d3e92df8,0x00000000d4a80000)
 Metaspace       used 53253K, capacity 54734K, committed 55200K, reserved 1097728K
  class space    used 5958K, capacity 6442K, committed 6560K, reserved 1048576K
}
Event: 31.050 GC heap before
{Heap before GC invocations=50 (full 5):
 PSYoungGen      total 245248K, used 245232K [0x00000000f0000000, 0x0000000100000000, 0x0000000100000000)
  eden space 234496K, 100% used [0x00000000f0000000,0x00000000fe500000,0x00000000fe500000)
  from space 10752K, 99% used [0x00000000ff580000,0x00000000ffffc0f0,0x0000000100000000)
  to   space 13824K, 0% used [0x00000000fe500000,0x00000000fe500000,0x00000000ff280000)
 ParOldGen       total 76288K, used 64075K [0x00000000d0000000, 0x00000000d4a80000, 0x00000000f0000000)
  object space 76288K, 83% used [0x00000000d0000000,0x00000000d3e92df8,0x00000000d4a80000)
 Metaspace       used 54441K, capacity 56054K, committed 56352K, reserved 1099776K
  class space    used 6109K, capacity 6592K, committed 6688K, reserved 1048576K
Event: 31.153 GC heap after
Heap after GC invocations=50 (full 5):
 PSYoungGen      total 248320K, used 13792K [0x00000000f0000000, 0x0000000100000000, 0x0000000100000000)
  eden space 234496K, 0% used [0x00000000f0000000,0x00000000f0000000,0x00000000fe500000)
  from space 13824K, 99% used [0x00000000fe500000,0x00000000ff278040,0x00000000ff280000)
  to   space 13824K, 0% used [0x00000000ff280000,0x00000000ff280000,0x0000000100000000)
 ParOldGen       total 76288K, used 70074K [0x00000000d0000000, 0x00000000d4a80000, 0x00000000f0000000)
  object space 76288K, 91% used [0x00000000d0000000,0x00000000d446eae8,0x00000000d4a80000)
 Metaspace       used 54441K, capacity 56054K, committed 56352K, reserved 1099776K
  class space    used 6109K, capacity 6592K, committed 6688K, reserved 1048576K
}
Event: 31.153 GC heap before
{Heap before GC invocations=51 (full 6):
 PSYoungGen      total 248320K, used 13792K [0x00000000f0000000, 0x0000000100000000, 0x0000000100000000)
  eden space 234496K, 0% used [0x00000000f0000000,0x00000000f0000000,0x00000000fe500000)
  from space 13824K, 99% used [0x00000000fe500000,0x00000000ff278040,0x00000000ff280000)
  to   space 13824K, 0% used [0x00000000ff280000,0x00000000ff280000,0x0000000100000000)
 ParOldGen       total 76288K, used 70074K [0x00000000d0000000, 0x00000000d4a80000, 0x00000000f0000000)
  object space 76288K, 91% used [0x00000000d0000000,0x00000000d446eae8,0x00000000d4a80000)
 Metaspace       used 54441K, capacity 56054K, committed 56352K, reserved 1099776K
  class space    used 6109K, capacity 6592K, committed 6688K, reserved 1048576K
Event: 32.875 GC heap after
Heap after GC invocations=51 (full 6):
 PSYoungGen      total 248320K, used 5072K [0x00000000f0000000, 0x0000000100000000, 0x0000000100000000)
  eden space 234496K, 0% used [0x00000000f0000000,0x00000000f0000000,0x00000000fe500000)
  from space 13824K, 36% used [0x00000000fe500000,0x00000000fe9f41f0,0x00000000ff280000)
  to   space 13824K, 0% used [0x00000000ff280000,0x00000000ff280000,0x0000000100000000)
 ParOldGen       total 91648K, used 75791K [0x00000000d0000000, 0x00000000d5980000, 0x00000000f0000000)
  object space 91648K, 82% used [0x00000000d0000000,0x00000000d4a03df0,0x00000000d5980000)
 Metaspace       used 54441K, capacity 56054K, committed 56352K, reserved 1099776K
  class space    used 6109K, capacity 6592K, committed 6688K, reserved 1048576K
}
Event: 35.274 GC heap before
{Heap before GC invocations=52 (full 6):
 PSYoungGen      total 248320K, used 230044K [0x00000000f0000000, 0x0000000100000000, 0x0000000100000000)
  eden space 234496K, 95% used [0x00000000f0000000,0x00000000fdbb2f68,0x00000000fe500000)
  from space 13824K, 36% used [0x00000000fe500000,0x00000000fe9f41f0,0x00000000ff280000)
  to   space 13824K, 0% used [0x00000000ff280000,0x00000000ff280000,0x0000000100000000)
 ParOldGen       total 91648K, used 75791K [0x00000000d0000000, 0x00000000d5980000, 0x00000000f0000000)
  object space 91648K, 82% used [0x00000000d0000000,0x00000000d4a03df0,0x00000000d5980000)
 Metaspace       used 57272K, capacity 58844K, committed 59168K, reserved 1101824K
  class space    used 6406K, capacity 6881K, committed 6944K, reserved 1048576K
Event: 35.547 GC heap after
Heap after GC invocations=52 (full 6):
 PSYoungGen      total 232960K, used 13808K [0x00000000f0000000, 0x0000000100000000, 0x0000000100000000)
  eden space 219136K, 0% used [0x00000000f0000000,0x00000000f0000000,0x00000000fd600000)
  from space 13824K, 99% used [0x00000000ff280000,0x00000000ffffc1f0,0x0000000100000000)
  to   space 21504K, 0% used [0x00000000fd600000,0x00000000fd600000,0x00000000feb00000)
 ParOldGen       total 91648K, used 81826K [0x00000000d0000000, 0x00000000d5980000, 0x00000000f0000000)
  object space 91648K, 89% used [0x00000000d0000000,0x00000000d4fe8b88,0x00000000d5980000)
 Metaspace       used 57272K, capacity 58844K, committed 59168K, reserved 1101824K
  class space    used 6406K, capacity 6881K, committed 6944K, reserved 1048576K
}
Event: 35.547 GC heap before
{Heap before GC invocations=53 (full 7):
 PSYoungGen      total 232960K, used 13808K [0x00000000f0000000, 0x0000000100000000, 0x0000000100000000)
  eden space 219136K, 0% used [0x00000000f0000000,0x00000000f0000000,0x00000000fd600000)
  from space 13824K, 99% used [0x00000000ff280000,0x00000000ffffc1f0,0x0000000100000000)
  to   space 21504K, 0% used [0x00000000fd600000,0x00000000fd600000,0x00000000feb00000)
 ParOldGen       total 91648K, used 81826K [0x00000000d0000000, 0x00000000d5980000, 0x00000000f0000000)
  object space 91648K, 89% used [0x00000000d0000000,0x00000000d4fe8b88,0x00000000d5980000)
 Metaspace       used 57272K, capacity 58844K, committed 59168K, reserved 1101824K
  class space    used 6406K, capacity 6881K, committed 6944K, reserved 1048576K
Event: 36.493 GC heap after
Heap after GC invocations=53 (full 7):
 PSYoungGen      total 232960K, used 2001K [0x00000000f0000000, 0x0000000100000000, 0x0000000100000000)
  eden space 219136K, 0% used [0x00000000f0000000,0x00000000f0000000,0x00000000fd600000)
  from space 13824K, 14% used [0x00000000ff280000,0x00000000ff4745e0,0x0000000100000000)
  to   space 21504K, 0% used [0x00000000fd600000,0x00000000fd600000,0x00000000feb00000)
 ParOldGen       total 110080K, used 91631K [0x00000000d0000000, 0x00000000d6b80000, 0x00000000f0000000)
  object space 110080K, 83% used [0x00000000d0000000,0x00000000d597bc88,0x00000000d6b80000)
 Metaspace       used 57272K, capacity 58844K, committed 59168K, reserved 1101824K
  class space    used 6406K, capacity 6881K, committed 6944K, reserved 1048576K
}

