# JRE version: Java(TM) SE Runtime Environment (8.0_11-b12) (build 1.8.0_11-b12)
# Java VM: Java HotSpot(TM) 64-Bit Server VM (25.11-b03 mixed mode windows-amd64 compressed oops)
Heap:
 PSYoungGen      total 222720K, used 88953K [0x00000000f0000000, 0x0000000100000000, 0x0000000100000000)
  eden space 205824K, 37% used [0x00000000f0000000,0x00000000f4aed938,0x00000000fc900000)
  from space 16896K, 72% used [0x00000000fef80000,0x00000000ffb70ae8,0x0000000100000000)
  to   space 28160K, 0% used [0x00000000fc900000,0x00000000fc900000,0x00000000fe480000)
 ParOldGen       total 110592K, used 89436K [0x00000000d0000000, 0x00000000d6c00000, 0x00000000f0000000)
  object space 110592K, 80% used [0x00000000d0000000,0x00000000d57571b8,0x00000000d6c00000)
 Metaspace       used 60416K, capacity 62198K, committed 62308K, reserved 1103872K
  class space    used 6990K, capacity 7518K, committed 7552K, reserved 1048576K
GC Heap History (10 events):
Event: 34.189 GC heap before
{Heap before GC invocations=47 (full 5):
 PSYoungGen      total 237568K, used 228733K [0x00000000f0000000, 0x0000000100000000, 0x0000000100000000)
  eden space 227840K, 96% used [0x00000000f0000000,0x00000000fd5e3690,0x00000000fde80000)
  from space 9728K, 99% used [0x00000000fde80000,0x00000000fe7fc0f0,0x00000000fe800000)
  to   space 12288K, 0% used [0x00000000ff400000,0x00000000ff400000,0x0000000100000000)
 ParOldGen       total 72192K, used 62195K [0x00000000d0000000, 0x00000000d4680000, 0x00000000f0000000)
  object space 72192K, 86% used [0x00000000d0000000,0x00000000d3cbcea0,0x00000000d4680000)
 Metaspace       used 53732K, capacity 55350K, committed 55780K, reserved 1097728K
  class space    used 6052K, capacity 6551K, committed 6656K, reserved 1048576K
Event: 34.260 GC heap after
Heap after GC invocations=47 (full 5):
 PSYoungGen      total 240640K, used 12260K [0x00000000f0000000, 0x0000000100000000, 0x0000000100000000)
  eden space 228352K, 0% used [0x00000000f0000000,0x00000000f0000000,0x00000000fdf00000)
  from space 12288K, 99% used [0x00000000ff400000,0x00000000ffff9020,0x0000000100000000)
  to   space 16896K, 0% used [0x00000000fdf00000,0x00000000fdf00000,0x00000000fef80000)
 ParOldGen       total 72192K, used 69613K [0x00000000d0000000, 0x00000000d4680000, 0x00000000f0000000)
  object space 72192K, 96% used [0x00000000d0000000,0x00000000d43fb4c0,0x00000000d4680000)
 Metaspace       used 53732K, capacity 55350K, committed 55780K, reserved 1097728K
  class space    used 6052K, capacity 6551K, committed 6656K, reserved 1048576K
}
Event: 34.260 GC heap before
{Heap before GC invocations=48 (full 6):
 PSYoungGen      total 240640K, used 12260K [0x00000000f0000000, 0x0000000100000000, 0x0000000100000000)
  eden space 228352K, 0% used [0x00000000f0000000,0x00000000f0000000,0x00000000fdf00000)
  from space 12288K, 99% used [0x00000000ff400000,0x00000000ffff9020,0x0000000100000000)
  to   space 16896K, 0% used [0x00000000fdf00000,0x00000000fdf00000,0x00000000fef80000)
 ParOldGen       total 72192K, used 69613K [0x00000000d0000000, 0x00000000d4680000, 0x00000000f0000000)
  object space 72192K, 96% used [0x00000000d0000000,0x00000000d43fb4c0,0x00000000d4680000)
 Metaspace       used 53732K, capacity 55350K, committed 55780K, reserved 1097728K
  class space    used 6052K, capacity 6551K, committed 6656K, reserved 1048576K
Event: 35.956 GC heap after
Heap after GC invocations=48 (full 6):
 PSYoungGen      total 240640K, used 6604K [0x00000000f0000000, 0x0000000100000000, 0x0000000100000000)
  eden space 228352K, 0% used [0x00000000f0000000,0x00000000f0000000,0x00000000fdf00000)
  from space 12288K, 53% used [0x00000000ff400000,0x00000000ffa73170,0x0000000100000000)
  to   space 16896K, 0% used [0x00000000fdf00000,0x00000000fdf00000,0x00000000fef80000)
 ParOldGen       total 88064K, used 71771K [0x00000000d0000000, 0x00000000d5600000, 0x00000000f0000000)
  object space 88064K, 81% used [0x00000000d0000000,0x00000000d4616ed0,0x00000000d5600000)
 Metaspace       used 53732K, capacity 55350K, committed 55780K, reserved 1097728K
  class space    used 6052K, capacity 6551K, committed 6656K, reserved 1048576K
}
Event: 39.429 GC heap before
{Heap before GC invocations=49 (full 6):
 PSYoungGen      total 240640K, used 234956K [0x00000000f0000000, 0x0000000100000000, 0x0000000100000000)
  eden space 228352K, 100% used [0x00000000f0000000,0x00000000fdf00000,0x00000000fdf00000)
  from space 12288K, 53% used [0x00000000ff400000,0x00000000ffa73170,0x0000000100000000)
  to   space 16896K, 0% used [0x00000000fdf00000,0x00000000fdf00000,0x00000000fef80000)
 ParOldGen       total 88064K, used 71771K [0x00000000d0000000, 0x00000000d5600000, 0x00000000f0000000)
  object space 88064K, 81% used [0x00000000d0000000,0x00000000d4616ed0,0x00000000d5600000)
 Metaspace       used 56533K, capacity 58134K, committed 58340K, reserved 1101824K
  class space    used 6382K, capacity 6879K, committed 6912K, reserved 1048576K
Event: 39.641 GC heap after
Heap after GC invocations=49 (full 6):
 PSYoungGen      total 245248K, used 16866K [0x00000000f0000000, 0x0000000100000000, 0x0000000100000000)
  eden space 228352K, 0% used [0x00000000f0000000,0x00000000f0000000,0x00000000fdf00000)
  from space 16896K, 99% used [0x00000000fdf00000,0x00000000fef78860,0x00000000fef80000)
  to   space 16896K, 0% used [0x00000000fef80000,0x00000000fef80000,0x0000000100000000)
 ParOldGen       total 88064K, used 76925K [0x00000000d0000000, 0x00000000d5600000, 0x00000000f0000000)
  object space 88064K, 87% used [0x00000000d0000000,0x00000000d4b1f540,0x00000000d5600000)
 Metaspace       used 56533K, capacity 58134K, committed 58340K, reserved 1101824K
  class space    used 6382K, capacity 6879K, committed 6912K, reserved 1048576K
}
Event: 42.565 GC heap before
{Heap before GC invocations=50 (full 6):
 PSYoungGen      total 245248K, used 245218K [0x00000000f0000000, 0x0000000100000000, 0x0000000100000000)
  eden space 228352K, 100% used [0x00000000f0000000,0x00000000fdf00000,0x00000000fdf00000)
  from space 16896K, 99% used [0x00000000fdf00000,0x00000000fef78860,0x00000000fef80000)
  to   space 16896K, 0% used [0x00000000fef80000,0x00000000fef80000,0x0000000100000000)
 ParOldGen       total 88064K, used 76925K [0x00000000d0000000, 0x00000000d5600000, 0x00000000f0000000)
  object space 88064K, 87% used [0x00000000d0000000,0x00000000d4b1f540,0x00000000d5600000)
 Metaspace       used 59886K, capacity 61562K, committed 61796K, reserved 1103872K
  class space    used 6915K, capacity 7431K, committed 7552K, reserved 1048576K
Event: 42.768 GC heap after
Heap after GC invocations=50 (full 6):
 PSYoungGen      total 222720K, used 16880K [0x00000000f0000000, 0x0000000100000000, 0x0000000100000000)
  eden space 205824K, 0% used [0x00000000f0000000,0x00000000f0000000,0x00000000fc900000)
  from space 16896K, 99% used [0x00000000fef80000,0x00000000ffffc2d0,0x0000000100000000)
  to   space 28160K, 0% used [0x00000000fc900000,0x00000000fc900000,0x00000000fe480000)
 ParOldGen       total 89600K, used 89435K [0x00000000d0000000, 0x00000000d5780000, 0x00000000f0000000)
  object space 89600K, 99% used [0x00000000d0000000,0x00000000d5756fc8,0x00000000d5780000)
 Metaspace       used 59886K, capacity 61562K, committed 61796K, reserved 1103872K
  class space    used 6915K, capacity 7431K, committed 7552K, reserved 1048576K
}
Event: 42.768 GC heap before
{Heap before GC invocations=51 (full 7):
 PSYoungGen      total 222720K, used 16880K [0x00000000f0000000, 0x0000000100000000, 0x0000000100000000)
  eden space 205824K, 0% used [0x00000000f0000000,0x00000000f0000000,0x00000000fc900000)
  from space 16896K, 99% used [0x00000000fef80000,0x00000000ffffc2d0,0x0000000100000000)
  to   space 28160K, 0% used [0x00000000fc900000,0x00000000fc900000,0x00000000fe480000)
 ParOldGen       total 89600K, used 89435K [0x00000000d0000000, 0x00000000d5780000, 0x00000000f0000000)
  object space 89600K, 99% used [0x00000000d0000000,0x00000000d5756fc8,0x00000000d5780000)
 Metaspace       used 59886K, capacity 61562K, committed 61796K, reserved 1103872K
  class space    used 6915K, capacity 7431K, committed 7552K, reserved 1048576K
Event: 44.577 GC heap after
Heap after GC invocations=51 (full 7):
 PSYoungGen      total 222720K, used 12226K [0x00000000f0000000, 0x0000000100000000, 0x0000000100000000)
  eden space 205824K, 0% used [0x00000000f0000000,0x00000000f0000000,0x00000000fc900000)
  from space 16896K, 72% used [0x00000000fef80000,0x00000000ffb70ae8,0x0000000100000000)
  to   space 28160K, 0% used [0x00000000fc900000,0x00000000fc900000,0x00000000fe480000)
 ParOldGen       total 110592K, used 89436K [0x00000000d0000000, 0x00000000d6c00000, 0x00000000f0000000)
  object space 110592K, 80% used [0x00000000d0000000,0x00000000d57571b8,0x00000000d6c00000)
 Metaspace       used 59886K, capacity 61562K, committed 61796K, reserved 1103872K
  class space    used 6915K, capacity 7431K, committed 7552K, reserved 1048576K
}

